{"C:\\dev\\git\\cd0037-API-Development-and-Documentation-project\\frontend\\src\\App.js": {"path":"C:\\dev\\git\\cd0037-API-Development-and-Documentation-project\\frontend\\src\\App.js","statementMap":{"0":{"start":{"line":11,"column":4},"end":{"line":23,"column":6}}},"fnMap":{"0":{"name":"(anonymous_0)","decl":{"start":{"line":10,"column":2},"end":{"line":10,"column":3}},"loc":{"start":{"line":10,"column":11},"end":{"line":24,"column":3}},"line":10}},"branchMap":{},"s":{"0":2},"f":{"0":2},"b":{},"_coverageSchema":"1a1c01bbd47fc00a2c39e90264f33305004495a9","hash":"c01c57a1a4fb40ca1363d43aa064801527ec951e"}
,"C:\\dev\\git\\cd0037-API-Development-and-Documentation-project\\frontend\\src\\components\\FormView.js": {"path":"C:\\dev\\git\\cd0037-API-Development-and-Documentation-project\\frontend\\src\\components\\FormView.js","statementMap":{"0":{"start":{"line":7,"column":4},"end":{"line":7,"column":12}},"1":{"start":{"line":8,"column":4},"end":{"line":14,"column":6}},"2":{"start":{"line":18,"column":4},"end":{"line":29,"column":7}},"3":{"start":{"line":22,"column":8},"end":{"line":22,"column":57}},"4":{"start":{"line":23,"column":8},"end":{"line":23,"column":15}},"5":{"start":{"line":26,"column":8},"end":{"line":26,"column":74}},"6":{"start":{"line":27,"column":8},"end":{"line":27,"column":15}},"7":{"start":{"line":32,"column":19},"end":{"line":58,"column":3}},"8":{"start":{"line":33,"column":4},"end":{"line":33,"column":27}},"9":{"start":{"line":34,"column":4},"end":{"line":57,"column":7}},"10":{"start":{"line":50,"column":8},"end":{"line":50,"column":61}},"11":{"start":{"line":51,"column":8},"end":{"line":51,"column":15}},"12":{"start":{"line":54,"column":8},"end":{"line":54,"column":71}},"13":{"start":{"line":55,"column":8},"end":{"line":55,"column":15}},"14":{"start":{"line":60,"column":17},"end":{"line":62,"column":3}},"15":{"start":{"line":61,"column":4},"end":{"line":61,"column":63}},"16":{"start":{"line":65,"column":4},"end":{"line":106,"column":6}},"17":{"start":{"line":95,"column":16},"end":{"line":99,"column":18}}},"fnMap":{"0":{"name":"(anonymous_0)","decl":{"start":{"line":6,"column":2},"end":{"line":6,"column":3}},"loc":{"start":{"line":6,"column":21},"end":{"line":15,"column":3}},"line":6},"1":{"name":"(anonymous_1)","decl":{"start":{"line":17,"column":2},"end":{"line":17,"column":3}},"loc":{"start":{"line":17,"column":22},"end":{"line":30,"column":3}},"line":17},"2":{"name":"(anonymous_2)","decl":{"start":{"line":21,"column":15},"end":{"line":21,"column":16}},"loc":{"start":{"line":21,"column":27},"end":{"line":24,"column":7}},"line":21},"3":{"name":"(anonymous_3)","decl":{"start":{"line":25,"column":13},"end":{"line":25,"column":14}},"loc":{"start":{"line":25,"column":24},"end":{"line":28,"column":7}},"line":25},"4":{"name":"(anonymous_4)","decl":{"start":{"line":32,"column":19},"end":{"line":32,"column":20}},"loc":{"start":{"line":32,"column":30},"end":{"line":58,"column":3}},"line":32},"5":{"name":"(anonymous_5)","decl":{"start":{"line":49,"column":15},"end":{"line":49,"column":16}},"loc":{"start":{"line":49,"column":27},"end":{"line":52,"column":7}},"line":49},"6":{"name":"(anonymous_6)","decl":{"start":{"line":53,"column":13},"end":{"line":53,"column":14}},"loc":{"start":{"line":53,"column":24},"end":{"line":56,"column":7}},"line":53},"7":{"name":"(anonymous_7)","decl":{"start":{"line":60,"column":17},"end":{"line":60,"column":18}},"loc":{"start":{"line":60,"column":28},"end":{"line":62,"column":3}},"line":60},"8":{"name":"(anonymous_8)","decl":{"start":{"line":64,"column":2},"end":{"line":64,"column":3}},"loc":{"start":{"line":64,"column":11},"end":{"line":107,"column":3}},"line":64},"9":{"name":"(anonymous_9)","decl":{"start":{"line":94,"column":54},"end":{"line":94,"column":55}},"loc":{"start":{"line":94,"column":62},"end":{"line":100,"column":15}},"line":94}},"branchMap":{},"s":{"0":5,"1":5,"2":5,"3":0,"4":0,"5":0,"6":0,"7":5,"8":0,"9":0,"10":0,"11":0,"12":0,"13":0,"14":5,"15":0,"16":5,"17":0},"f":{"0":5,"1":5,"2":0,"3":0,"4":0,"5":0,"6":0,"7":0,"8":5,"9":0},"b":{},"_coverageSchema":"1a1c01bbd47fc00a2c39e90264f33305004495a9","hash":"d92042f72bbf3698c0232427b474fc4c3ea5f078"}
,"C:\\dev\\git\\cd0037-API-Development-and-Documentation-project\\frontend\\src\\components\\Header.js": {"path":"C:\\dev\\git\\cd0037-API-Development-and-Documentation-project\\frontend\\src\\components\\Header.js","statementMap":{"0":{"start":{"line":6,"column":4},"end":{"line":6,"column":56}},"1":{"start":{"line":10,"column":4},"end":{"line":41,"column":6}},"2":{"start":{"line":14,"column":12},"end":{"line":14,"column":27}},"3":{"start":{"line":21,"column":12},"end":{"line":21,"column":27}},"4":{"start":{"line":28,"column":12},"end":{"line":28,"column":31}},"5":{"start":{"line":35,"column":12},"end":{"line":35,"column":32}}},"fnMap":{"0":{"name":"(anonymous_0)","decl":{"start":{"line":5,"column":2},"end":{"line":5,"column":3}},"loc":{"start":{"line":5,"column":13},"end":{"line":7,"column":3}},"line":5},"1":{"name":"(anonymous_1)","decl":{"start":{"line":9,"column":2},"end":{"line":9,"column":3}},"loc":{"start":{"line":9,"column":11},"end":{"line":42,"column":3}},"line":9},"2":{"name":"(anonymous_2)","decl":{"start":{"line":13,"column":19},"end":{"line":13,"column":20}},"loc":{"start":{"line":13,"column":25},"end":{"line":15,"column":11}},"line":13},"3":{"name":"(anonymous_3)","decl":{"start":{"line":20,"column":19},"end":{"line":20,"column":20}},"loc":{"start":{"line":20,"column":25},"end":{"line":22,"column":11}},"line":20},"4":{"name":"(anonymous_4)","decl":{"start":{"line":27,"column":19},"end":{"line":27,"column":20}},"loc":{"start":{"line":27,"column":25},"end":{"line":29,"column":11}},"line":27},"5":{"name":"(anonymous_5)","decl":{"start":{"line":34,"column":19},"end":{"line":34,"column":20}},"loc":{"start":{"line":34,"column":25},"end":{"line":36,"column":11}},"line":34}},"branchMap":{},"s":{"0":0,"1":6,"2":0,"3":0,"4":0,"5":0},"f":{"0":0,"1":6,"2":0,"3":0,"4":0,"5":0},"b":{},"_coverageSchema":"1a1c01bbd47fc00a2c39e90264f33305004495a9","hash":"2142ea596ec2092a5c15c18a5e566aa47a4ed14a"}
,"C:\\dev\\git\\cd0037-API-Development-and-Documentation-project\\frontend\\src\\components\\Question.js": {"path":"C:\\dev\\git\\cd0037-API-Development-and-Documentation-project\\frontend\\src\\components\\Question.js","statementMap":{"0":{"start":{"line":6,"column":4},"end":{"line":6,"column":12}},"1":{"start":{"line":7,"column":4},"end":{"line":9,"column":6}},"2":{"start":{"line":13,"column":4},"end":{"line":13,"column":64}},"3":{"start":{"line":17,"column":55},"end":{"line":17,"column":65}},"4":{"start":{"line":18,"column":4},"end":{"line":51,"column":6}},"5":{"start":{"line":32,"column":27},"end":{"line":32,"column":62}},"6":{"start":{"line":37,"column":25},"end":{"line":37,"column":46}}},"fnMap":{"0":{"name":"(anonymous_0)","decl":{"start":{"line":5,"column":2},"end":{"line":5,"column":3}},"loc":{"start":{"line":5,"column":16},"end":{"line":10,"column":3}},"line":5},"1":{"name":"(anonymous_1)","decl":{"start":{"line":12,"column":2},"end":{"line":12,"column":3}},"loc":{"start":{"line":12,"column":19},"end":{"line":14,"column":3}},"line":12},"2":{"name":"(anonymous_2)","decl":{"start":{"line":16,"column":2},"end":{"line":16,"column":3}},"loc":{"start":{"line":16,"column":11},"end":{"line":52,"column":3}},"line":16},"3":{"name":"(anonymous_3)","decl":{"start":{"line":32,"column":21},"end":{"line":32,"column":22}},"loc":{"start":{"line":32,"column":27},"end":{"line":32,"column":62}},"line":32},"4":{"name":"(anonymous_4)","decl":{"start":{"line":37,"column":19},"end":{"line":37,"column":20}},"loc":{"start":{"line":37,"column":25},"end":{"line":37,"column":46}},"line":37}},"branchMap":{"0":{"loc":{"start":{"line":39,"column":11},"end":{"line":39,"column":53}},"type":"cond-expr","locations":[{"start":{"line":39,"column":38},"end":{"line":39,"column":44}},{"start":{"line":39,"column":47},"end":{"line":39,"column":53}}],"line":39},"1":{"loc":{"start":{"line":44,"column":26},"end":{"line":44,"column":73}},"type":"cond-expr","locations":[{"start":{"line":44,"column":53},"end":{"line":44,"column":62}},{"start":{"line":44,"column":65},"end":{"line":44,"column":73}}],"line":44}},"s":{"0":6,"1":6,"2":0,"3":6,"4":6,"5":1,"6":0},"f":{"0":6,"1":0,"2":6,"3":1,"4":0},"b":{"0":[0,6],"1":[0,6]},"_coverageSchema":"1a1c01bbd47fc00a2c39e90264f33305004495a9","hash":"c147528f97b21c71a5e04c0a34b715577bd4ff04"}
,"C:\\dev\\git\\cd0037-API-Development-and-Documentation-project\\frontend\\src\\components\\QuestionView.js": {"path":"C:\\dev\\git\\cd0037-API-Development-and-Documentation-project\\frontend\\src\\components\\QuestionView.js","statementMap":{"0":{"start":{"line":9,"column":4},"end":{"line":9,"column":12}},"1":{"start":{"line":10,"column":4},"end":{"line":16,"column":6}},"2":{"start":{"line":20,"column":4},"end":{"line":20,"column":24}},"3":{"start":{"line":23,"column":17},"end":{"line":41,"column":3}},"4":{"start":{"line":24,"column":4},"end":{"line":40,"column":7}},"5":{"start":{"line":28,"column":8},"end":{"line":33,"column":11}},"6":{"start":{"line":34,"column":8},"end":{"line":34,"column":15}},"7":{"start":{"line":37,"column":8},"end":{"line":37,"column":73}},"8":{"start":{"line":38,"column":8},"end":{"line":38,"column":15}},"9":{"start":{"line":44,"column":4},"end":{"line":44,"column":60}},"10":{"start":{"line":44,"column":39},"end":{"line":44,"column":58}},"11":{"start":{"line":48,"column":22},"end":{"line":48,"column":24}},"12":{"start":{"line":49,"column":18},"end":{"line":49,"column":59}},"13":{"start":{"line":50,"column":4},"end":{"line":62,"column":5}},"14":{"start":{"line":50,"column":17},"end":{"line":50,"column":18}},"15":{"start":{"line":51,"column":6},"end":{"line":61,"column":8}},"16":{"start":{"line":56,"column":12},"end":{"line":56,"column":31}},"17":{"start":{"line":63,"column":4},"end":{"line":63,"column":23}},"18":{"start":{"line":66,"column":18},"end":{"line":83,"column":3}},"19":{"start":{"line":67,"column":4},"end":{"line":82,"column":7}},"20":{"start":{"line":71,"column":8},"end":{"line":75,"column":11}},"21":{"start":{"line":76,"column":8},"end":{"line":76,"column":15}},"22":{"start":{"line":79,"column":8},"end":{"line":79,"column":73}},"23":{"start":{"line":80,"column":8},"end":{"line":80,"column":15}},"24":{"start":{"line":85,"column":17},"end":{"line":109,"column":3}},"25":{"start":{"line":86,"column":4},"end":{"line":108,"column":7}},"26":{"start":{"line":97,"column":8},"end":{"line":101,"column":11}},"27":{"start":{"line":102,"column":8},"end":{"line":102,"column":15}},"28":{"start":{"line":105,"column":8},"end":{"line":105,"column":73}},"29":{"start":{"line":106,"column":8},"end":{"line":106,"column":15}},"30":{"start":{"line":111,"column":19},"end":{"line":127,"column":3}},"31":{"start":{"line":111,"column":27},"end":{"line":127,"column":3}},"32":{"start":{"line":112,"column":4},"end":{"line":126,"column":5}},"33":{"start":{"line":113,"column":6},"end":{"line":125,"column":7}},"34":{"start":{"line":114,"column":8},"end":{"line":124,"column":11}},"35":{"start":{"line":118,"column":12},"end":{"line":118,"column":32}},"36":{"start":{"line":121,"column":12},"end":{"line":121,"column":77}},"37":{"start":{"line":122,"column":12},"end":{"line":122,"column":19}},"38":{"start":{"line":130,"column":4},"end":{"line":174,"column":6}},"39":{"start":{"line":135,"column":14},"end":{"line":135,"column":34}},"40":{"start":{"line":142,"column":14},"end":{"line":154,"column":19}},"41":{"start":{"line":145,"column":18},"end":{"line":145,"column":41}},"42":{"start":{"line":162,"column":12},"end":{"line":169,"column":14}}},"fnMap":{"0":{"name":"(anonymous_0)","decl":{"start":{"line":8,"column":2},"end":{"line":8,"column":3}},"loc":{"start":{"line":8,"column":16},"end":{"line":17,"column":3}},"line":8},"1":{"name":"(anonymous_1)","decl":{"start":{"line":19,"column":2},"end":{"line":19,"column":3}},"loc":{"start":{"line":19,"column":22},"end":{"line":21,"column":3}},"line":19},"2":{"name":"(anonymous_2)","decl":{"start":{"line":23,"column":17},"end":{"line":23,"column":18}},"loc":{"start":{"line":23,"column":23},"end":{"line":41,"column":3}},"line":23},"3":{"name":"(anonymous_3)","decl":{"start":{"line":27,"column":15},"end":{"line":27,"column":16}},"loc":{"start":{"line":27,"column":27},"end":{"line":35,"column":7}},"line":27},"4":{"name":"(anonymous_4)","decl":{"start":{"line":36,"column":13},"end":{"line":36,"column":14}},"loc":{"start":{"line":36,"column":24},"end":{"line":39,"column":7}},"line":36},"5":{"name":"(anonymous_5)","decl":{"start":{"line":43,"column":2},"end":{"line":43,"column":3}},"loc":{"start":{"line":43,"column":18},"end":{"line":45,"column":3}},"line":43},"6":{"name":"(anonymous_6)","decl":{"start":{"line":44,"column":33},"end":{"line":44,"column":34}},"loc":{"start":{"line":44,"column":39},"end":{"line":44,"column":58}},"line":44},"7":{"name":"(anonymous_7)","decl":{"start":{"line":47,"column":2},"end":{"line":47,"column":3}},"loc":{"start":{"line":47,"column":21},"end":{"line":64,"column":3}},"line":47},"8":{"name":"(anonymous_8)","decl":{"start":{"line":55,"column":19},"end":{"line":55,"column":20}},"loc":{"start":{"line":55,"column":25},"end":{"line":57,"column":11}},"line":55},"9":{"name":"(anonymous_9)","decl":{"start":{"line":66,"column":18},"end":{"line":66,"column":19}},"loc":{"start":{"line":66,"column":26},"end":{"line":83,"column":3}},"line":66},"10":{"name":"(anonymous_10)","decl":{"start":{"line":70,"column":15},"end":{"line":70,"column":16}},"loc":{"start":{"line":70,"column":27},"end":{"line":77,"column":7}},"line":70},"11":{"name":"(anonymous_11)","decl":{"start":{"line":78,"column":13},"end":{"line":78,"column":14}},"loc":{"start":{"line":78,"column":24},"end":{"line":81,"column":7}},"line":78},"12":{"name":"(anonymous_12)","decl":{"start":{"line":85,"column":17},"end":{"line":85,"column":18}},"loc":{"start":{"line":85,"column":33},"end":{"line":109,"column":3}},"line":85},"13":{"name":"(anonymous_13)","decl":{"start":{"line":96,"column":15},"end":{"line":96,"column":16}},"loc":{"start":{"line":96,"column":27},"end":{"line":103,"column":7}},"line":96},"14":{"name":"(anonymous_14)","decl":{"start":{"line":104,"column":13},"end":{"line":104,"column":14}},"loc":{"start":{"line":104,"column":24},"end":{"line":107,"column":7}},"line":104},"15":{"name":"(anonymous_15)","decl":{"start":{"line":111,"column":19},"end":{"line":111,"column":20}},"loc":{"start":{"line":111,"column":27},"end":{"line":127,"column":3}},"line":111},"16":{"name":"(anonymous_16)","decl":{"start":{"line":111,"column":27},"end":{"line":111,"column":28}},"loc":{"start":{"line":111,"column":39},"end":{"line":127,"column":3}},"line":111},"17":{"name":"(anonymous_17)","decl":{"start":{"line":117,"column":19},"end":{"line":117,"column":20}},"loc":{"start":{"line":117,"column":31},"end":{"line":119,"column":11}},"line":117},"18":{"name":"(anonymous_18)","decl":{"start":{"line":120,"column":17},"end":{"line":120,"column":18}},"loc":{"start":{"line":120,"column":28},"end":{"line":123,"column":11}},"line":120},"19":{"name":"(anonymous_19)","decl":{"start":{"line":129,"column":2},"end":{"line":129,"column":3}},"loc":{"start":{"line":129,"column":11},"end":{"line":175,"column":3}},"line":129},"20":{"name":"(anonymous_20)","decl":{"start":{"line":134,"column":21},"end":{"line":134,"column":22}},"loc":{"start":{"line":134,"column":27},"end":{"line":136,"column":13}},"line":134},"21":{"name":"(anonymous_21)","decl":{"start":{"line":141,"column":52},"end":{"line":141,"column":53}},"loc":{"start":{"line":142,"column":14},"end":{"line":154,"column":19}},"line":142},"22":{"name":"(anonymous_22)","decl":{"start":{"line":144,"column":25},"end":{"line":144,"column":26}},"loc":{"start":{"line":144,"column":31},"end":{"line":146,"column":17}},"line":144},"23":{"name":"(anonymous_23)","decl":{"start":{"line":161,"column":36},"end":{"line":161,"column":37}},"loc":{"start":{"line":162,"column":12},"end":{"line":169,"column":14}},"line":162}},"branchMap":{"0":{"loc":{"start":{"line":54,"column":33},"end":{"line":54,"column":70}},"type":"cond-expr","locations":[{"start":{"line":54,"column":57},"end":{"line":54,"column":65}},{"start":{"line":54,"column":68},"end":{"line":54,"column":70}}],"line":54},"1":{"loc":{"start":{"line":112,"column":4},"end":{"line":126,"column":5}},"type":"if","locations":[{"start":{"line":112,"column":4},"end":{"line":126,"column":5}},{"start":{},"end":{}}],"line":112},"2":{"loc":{"start":{"line":113,"column":6},"end":{"line":125,"column":7}},"type":"if","locations":[{"start":{"line":113,"column":6},"end":{"line":125,"column":7}},{"start":{},"end":{}}],"line":113}},"s":{"0":6,"1":6,"2":6,"3":6,"4":6,"5":0,"6":0,"7":0,"8":0,"9":0,"10":0,"11":6,"12":6,"13":6,"14":6,"15":0,"16":0,"17":6,"18":6,"19":0,"20":0,"21":0,"22":0,"23":0,"24":6,"25":0,"26":0,"27":0,"28":0,"29":0,"30":6,"31":0,"32":0,"33":0,"34":0,"35":0,"36":0,"37":0,"38":6,"39":0,"40":0,"41":0,"42":0},"f":{"0":6,"1":6,"2":6,"3":0,"4":0,"5":0,"6":0,"7":6,"8":0,"9":0,"10":0,"11":0,"12":0,"13":0,"14":0,"15":0,"16":0,"17":0,"18":0,"19":6,"20":0,"21":0,"22":0,"23":0},"b":{"0":[0,0],"1":[0,0],"2":[0,0]},"_coverageSchema":"1a1c01bbd47fc00a2c39e90264f33305004495a9","hash":"f25056c295ab54e2b5d7eb99d3d514ce53dd28fe"}
,"C:\\dev\\git\\cd0037-API-Development-and-Documentation-project\\frontend\\src\\components\\QuizView.js": {"path":"C:\\dev\\git\\cd0037-API-Development-and-Documentation-project\\frontend\\src\\components\\QuizView.js","statementMap":{"0":{"start":{"line":5,"column":25},"end":{"line":5,"column":26}},"1":{"start":{"line":9,"column":4},"end":{"line":9,"column":12}},"2":{"start":{"line":10,"column":4},"end":{"line":19,"column":6}},"3":{"start":{"line":23,"column":4},"end":{"line":34,"column":7}},"4":{"start":{"line":27,"column":8},"end":{"line":27,"column":57}},"5":{"start":{"line":28,"column":8},"end":{"line":28,"column":15}},"6":{"start":{"line":31,"column":8},"end":{"line":31,"column":74}},"7":{"start":{"line":32,"column":8},"end":{"line":32,"column":15}},"8":{"start":{"line":37,"column":19},"end":{"line":39,"column":3}},"9":{"start":{"line":38,"column":4},"end":{"line":38,"column":72}},"10":{"start":{"line":41,"column":17},"end":{"line":43,"column":3}},"11":{"start":{"line":42,"column":4},"end":{"line":42,"column":63}},"12":{"start":{"line":45,"column":20},"end":{"line":79,"column":3}},"13":{"start":{"line":46,"column":30},"end":{"line":46,"column":63}},"14":{"start":{"line":47,"column":4},"end":{"line":49,"column":5}},"15":{"start":{"line":48,"column":6},"end":{"line":48,"column":60}},"16":{"start":{"line":51,"column":4},"end":{"line":78,"column":7}},"17":{"start":{"line":65,"column":8},"end":{"line":71,"column":11}},"18":{"start":{"line":72,"column":8},"end":{"line":72,"column":15}},"19":{"start":{"line":75,"column":8},"end":{"line":75,"column":72}},"20":{"start":{"line":76,"column":8},"end":{"line":76,"column":15}},"21":{"start":{"line":81,"column":16},"end":{"line":88,"column":3}},"22":{"start":{"line":82,"column":4},"end":{"line":82,"column":27}},"23":{"start":{"line":83,"column":19},"end":{"line":83,"column":40}},"24":{"start":{"line":84,"column":4},"end":{"line":87,"column":7}},"25":{"start":{"line":90,"column":16},"end":{"line":100,"column":3}},"26":{"start":{"line":91,"column":4},"end":{"line":99,"column":7}},"27":{"start":{"line":103,"column":4},"end":{"line":126,"column":6}},"28":{"start":{"line":111,"column":12},"end":{"line":122,"column":14}},"29":{"start":{"line":117,"column":18},"end":{"line":117,"column":78}},"30":{"start":{"line":130,"column":4},"end":{"line":139,"column":6}},"31":{"start":{"line":142,"column":19},"end":{"line":151,"column":3}},"32":{"start":{"line":143,"column":24},"end":{"line":146,"column":20}},"33":{"start":{"line":147,"column":24},"end":{"line":149,"column":17}},"34":{"start":{"line":150,"column":4},"end":{"line":150,"column":63}},"35":{"start":{"line":150,"column":37},"end":{"line":150,"column":61}},"36":{"start":{"line":154,"column":19},"end":{"line":154,"column":40}},"37":{"start":{"line":155,"column":4},"end":{"line":169,"column":6}},"38":{"start":{"line":173,"column":4},"end":{"line":192,"column":6}},"39":{"start":{"line":196,"column":4},"end":{"line":196,"column":78}}},"fnMap":{"0":{"name":"(anonymous_0)","decl":{"start":{"line":8,"column":2},"end":{"line":8,"column":3}},"loc":{"start":{"line":8,"column":21},"end":{"line":20,"column":3}},"line":8},"1":{"name":"(anonymous_1)","decl":{"start":{"line":22,"column":2},"end":{"line":22,"column":3}},"loc":{"start":{"line":22,"column":22},"end":{"line":35,"column":3}},"line":22},"2":{"name":"(anonymous_2)","decl":{"start":{"line":26,"column":15},"end":{"line":26,"column":16}},"loc":{"start":{"line":26,"column":27},"end":{"line":29,"column":7}},"line":26},"3":{"name":"(anonymous_3)","decl":{"start":{"line":30,"column":13},"end":{"line":30,"column":14}},"loc":{"start":{"line":30,"column":24},"end":{"line":33,"column":7}},"line":30},"4":{"name":"(anonymous_4)","decl":{"start":{"line":37,"column":19},"end":{"line":37,"column":20}},"loc":{"start":{"line":37,"column":41},"end":{"line":39,"column":3}},"line":37},"5":{"name":"(anonymous_5)","decl":{"start":{"line":41,"column":17},"end":{"line":41,"column":18}},"loc":{"start":{"line":41,"column":28},"end":{"line":43,"column":3}},"line":41},"6":{"name":"(anonymous_6)","decl":{"start":{"line":45,"column":20},"end":{"line":45,"column":21}},"loc":{"start":{"line":45,"column":26},"end":{"line":79,"column":3}},"line":45},"7":{"name":"(anonymous_7)","decl":{"start":{"line":64,"column":15},"end":{"line":64,"column":16}},"loc":{"start":{"line":64,"column":27},"end":{"line":73,"column":7}},"line":64},"8":{"name":"(anonymous_8)","decl":{"start":{"line":74,"column":13},"end":{"line":74,"column":14}},"loc":{"start":{"line":74,"column":24},"end":{"line":77,"column":7}},"line":74},"9":{"name":"(anonymous_9)","decl":{"start":{"line":81,"column":16},"end":{"line":81,"column":17}},"loc":{"start":{"line":81,"column":27},"end":{"line":88,"column":3}},"line":81},"10":{"name":"(anonymous_10)","decl":{"start":{"line":90,"column":16},"end":{"line":90,"column":17}},"loc":{"start":{"line":90,"column":22},"end":{"line":100,"column":3}},"line":90},"11":{"name":"(anonymous_11)","decl":{"start":{"line":102,"column":2},"end":{"line":102,"column":3}},"loc":{"start":{"line":102,"column":18},"end":{"line":127,"column":3}},"line":102},"12":{"name":"(anonymous_12)","decl":{"start":{"line":110,"column":50},"end":{"line":110,"column":51}},"loc":{"start":{"line":110,"column":58},"end":{"line":123,"column":11}},"line":110},"13":{"name":"(anonymous_13)","decl":{"start":{"line":116,"column":25},"end":{"line":116,"column":26}},"loc":{"start":{"line":117,"column":18},"end":{"line":117,"column":78}},"line":117},"14":{"name":"(anonymous_14)","decl":{"start":{"line":129,"column":2},"end":{"line":129,"column":3}},"loc":{"start":{"line":129,"column":21},"end":{"line":140,"column":3}},"line":129},"15":{"name":"(anonymous_15)","decl":{"start":{"line":142,"column":19},"end":{"line":142,"column":20}},"loc":{"start":{"line":142,"column":25},"end":{"line":151,"column":3}},"line":142},"16":{"name":"(anonymous_16)","decl":{"start":{"line":150,"column":29},"end":{"line":150,"column":30}},"loc":{"start":{"line":150,"column":37},"end":{"line":150,"column":61}},"line":150},"17":{"name":"(anonymous_17)","decl":{"start":{"line":153,"column":2},"end":{"line":153,"column":3}},"loc":{"start":{"line":153,"column":24},"end":{"line":170,"column":3}},"line":153},"18":{"name":"(anonymous_18)","decl":{"start":{"line":172,"column":2},"end":{"line":172,"column":3}},"loc":{"start":{"line":172,"column":15},"end":{"line":193,"column":3}},"line":172},"19":{"name":"(anonymous_19)","decl":{"start":{"line":195,"column":2},"end":{"line":195,"column":3}},"loc":{"start":{"line":195,"column":11},"end":{"line":197,"column":3}},"line":195}},"branchMap":{"0":{"loc":{"start":{"line":37,"column":28},"end":{"line":37,"column":34}},"type":"default-arg","locations":[{"start":{"line":37,"column":33},"end":{"line":37,"column":34}}],"line":37},"1":{"loc":{"start":{"line":47,"column":4},"end":{"line":49,"column":5}},"type":"if","locations":[{"start":{"line":47,"column":4},"end":{"line":49,"column":5}},{"start":{},"end":{}}],"line":47},"2":{"loc":{"start":{"line":70,"column":20},"end":{"line":70,"column":50}},"type":"cond-expr","locations":[{"start":{"line":70,"column":38},"end":{"line":70,"column":43}},{"start":{"line":70,"column":46},"end":{"line":70,"column":50}}],"line":70},"3":{"loc":{"start":{"line":85,"column":18},"end":{"line":85,"column":79}},"type":"cond-expr","locations":[{"start":{"line":85,"column":30},"end":{"line":85,"column":51}},{"start":{"line":85,"column":54},"end":{"line":85,"column":79}}],"line":85},"4":{"loc":{"start":{"line":160,"column":27},"end":{"line":160,"column":57}},"type":"cond-expr","locations":[{"start":{"line":160,"column":38},"end":{"line":160,"column":47}},{"start":{"line":160,"column":50},"end":{"line":160,"column":57}}],"line":160},"5":{"loc":{"start":{"line":161,"column":11},"end":{"line":161,"column":64}},"type":"cond-expr","locations":[{"start":{"line":161,"column":22},"end":{"line":161,"column":41}},{"start":{"line":161,"column":44},"end":{"line":161,"column":64}}],"line":161},"6":{"loc":{"start":{"line":173,"column":11},"end":{"line":192,"column":5}},"type":"cond-expr","locations":[{"start":{"line":175,"column":6},"end":{"line":175,"column":29}},{"start":{"line":176,"column":8},"end":{"line":192,"column":5}}],"line":173},"7":{"loc":{"start":{"line":173,"column":11},"end":{"line":174,"column":25}},"type":"binary-expr","locations":[{"start":{"line":173,"column":11},"end":{"line":173,"column":67}},{"start":{"line":174,"column":6},"end":{"line":174,"column":25}}],"line":173},"8":{"loc":{"start":{"line":176,"column":8},"end":{"line":192,"column":5}},"type":"cond-expr","locations":[{"start":{"line":177,"column":6},"end":{"line":177,"column":32}},{"start":{"line":179,"column":6},"end":{"line":191,"column":12}}],"line":176},"9":{"loc":{"start":{"line":196,"column":11},"end":{"line":196,"column":77}},"type":"cond-expr","locations":[{"start":{"line":196,"column":37},"end":{"line":196,"column":54}},{"start":{"line":196,"column":57},"end":{"line":196,"column":77}}],"line":196}},"s":{"0":2,"1":6,"2":6,"3":6,"4":0,"5":0,"6":0,"7":0,"8":6,"9":0,"10":6,"11":0,"12":6,"13":0,"14":0,"15":0,"16":0,"17":0,"18":0,"19":0,"20":0,"21":6,"22":0,"23":0,"24":0,"25":6,"26":0,"27":6,"28":0,"29":0,"30":0,"31":6,"32":0,"33":0,"34":0,"35":0,"36":0,"37":0,"38":0,"39":6},"f":{"0":6,"1":6,"2":0,"3":0,"4":0,"5":0,"6":0,"7":0,"8":0,"9":0,"10":0,"11":6,"12":0,"13":0,"14":0,"15":0,"16":0,"17":0,"18":0,"19":6},"b":{"0":[0],"1":[0,0],"2":[0,0],"3":[0,0],"4":[0,0],"5":[0,0],"6":[0,0],"7":[0,0],"8":[0,0],"9":[0,6]},"_coverageSchema":"1a1c01bbd47fc00a2c39e90264f33305004495a9","hash":"593e8293c818c502d38ec2ac0a9e5cc02a486025"}
,"C:\\dev\\git\\cd0037-API-Development-and-Documentation-project\\frontend\\src\\components\\Search.js": {"path":"C:\\dev\\git\\cd0037-API-Development-and-Documentation-project\\frontend\\src\\components\\Search.js","statementMap":{"0":{"start":{"line":4,"column":10},"end":{"line":6,"column":3}},"1":{"start":{"line":8,"column":12},"end":{"line":11,"column":3}},"2":{"start":{"line":9,"column":4},"end":{"line":9,"column":27}},"3":{"start":{"line":10,"column":4},"end":{"line":10,"column":46}},"4":{"start":{"line":13,"column":22},"end":{"line":17,"column":3}},"5":{"start":{"line":14,"column":4},"end":{"line":16,"column":7}},"6":{"start":{"line":20,"column":4},"end":{"line":29,"column":6}},"7":{"start":{"line":24,"column":27},"end":{"line":24,"column":46}}},"fnMap":{"0":{"name":"(anonymous_0)","decl":{"start":{"line":8,"column":12},"end":{"line":8,"column":13}},"loc":{"start":{"line":8,"column":23},"end":{"line":11,"column":3}},"line":8},"1":{"name":"(anonymous_1)","decl":{"start":{"line":13,"column":22},"end":{"line":13,"column":23}},"loc":{"start":{"line":13,"column":28},"end":{"line":17,"column":3}},"line":13},"2":{"name":"(anonymous_2)","decl":{"start":{"line":19,"column":2},"end":{"line":19,"column":3}},"loc":{"start":{"line":19,"column":11},"end":{"line":30,"column":3}},"line":19},"3":{"name":"(anonymous_3)","decl":{"start":{"line":24,"column":15},"end":{"line":24,"column":16}},"loc":{"start":{"line":24,"column":27},"end":{"line":24,"column":46}},"line":24}},"branchMap":{},"s":{"0":11,"1":11,"2":0,"3":0,"4":11,"5":0,"6":11,"7":22},"f":{"0":0,"1":0,"2":11,"3":22},"b":{},"_coverageSchema":"1a1c01bbd47fc00a2c39e90264f33305004495a9","hash":"a1565095639bd60a5998436e4da4e1da8269bba0"}
}
