TN:
SF:src\App.js
FN:10,(anonymous_0)
FNF:1
FNH:1
FNDA:2,(anonymous_0)
DA:11,2
LF:1
LH:1
BRF:0
BRH:0
end_of_record
TN:
SF:src\components\FormView.js
FN:6,(anonymous_0)
FN:17,(anonymous_1)
FN:21,(anonymous_2)
FN:25,(anonymous_3)
FN:32,(anonymous_4)
FN:49,(anonymous_5)
FN:53,(anonymous_6)
FN:60,(anonymous_7)
FN:64,(anonymous_8)
FN:94,(anonymous_9)
FNF:10
FNH:3
FNDA:5,(anonymous_0)
FNDA:5,(anonymous_1)
FNDA:0,(anonymous_2)
FNDA:0,(anonymous_3)
FNDA:0,(anonymous_4)
FNDA:0,(anonymous_5)
FNDA:0,(anonymous_6)
FNDA:0,(anonymous_7)
FNDA:5,(anonymous_8)
FNDA:0,(anonymous_9)
DA:7,5
DA:8,5
DA:18,5
DA:22,0
DA:23,0
DA:26,0
DA:27,0
DA:32,5
DA:33,0
DA:34,0
DA:50,0
DA:51,0
DA:54,0
DA:55,0
DA:60,5
DA:61,0
DA:65,5
DA:95,0
LF:18
LH:6
BRF:0
BRH:0
end_of_record
TN:
SF:src\components\Header.js
FN:5,(anonymous_0)
FN:9,(anonymous_1)
FN:13,(anonymous_2)
FN:20,(anonymous_3)
FN:27,(anonymous_4)
FN:34,(anonymous_5)
FNF:6
FNH:1
FNDA:0,(anonymous_0)
FNDA:6,(anonymous_1)
FNDA:0,(anonymous_2)
FNDA:0,(anonymous_3)
FNDA:0,(anonymous_4)
FNDA:0,(anonymous_5)
DA:6,0
DA:10,6
DA:14,0
DA:21,0
DA:28,0
DA:35,0
LF:6
LH:1
BRF:0
BRH:0
end_of_record
TN:
SF:src\components\Question.js
FN:5,(anonymous_0)
FN:12,(anonymous_1)
FN:16,(anonymous_2)
FN:32,(anonymous_3)
FN:37,(anonymous_4)
FNF:5
FNH:3
FNDA:6,(anonymous_0)
FNDA:0,(anonymous_1)
FNDA:6,(anonymous_2)
FNDA:1,(anonymous_3)
FNDA:0,(anonymous_4)
DA:6,6
DA:7,6
DA:13,0
DA:17,6
DA:18,6
DA:32,1
DA:37,0
LF:7
LH:5
BRDA:39,0,0,0
BRDA:39,0,1,6
BRDA:44,1,0,0
BRDA:44,1,1,6
BRF:4
BRH:2
end_of_record
TN:
SF:src\components\QuestionView.js
FN:8,(anonymous_0)
FN:19,(anonymous_1)
FN:23,(anonymous_2)
FN:27,(anonymous_3)
FN:36,(anonymous_4)
FN:43,(anonymous_5)
FN:44,(anonymous_6)
FN:47,(anonymous_7)
FN:55,(anonymous_8)
FN:66,(anonymous_9)
FN:70,(anonymous_10)
FN:78,(anonymous_11)
FN:85,(anonymous_12)
FN:96,(anonymous_13)
FN:104,(anonymous_14)
FN:111,(anonymous_15)
FN:111,(anonymous_16)
FN:117,(anonymous_17)
FN:120,(anonymous_18)
FN:129,(anonymous_19)
FN:134,(anonymous_20)
FN:141,(anonymous_21)
FN:144,(anonymous_22)
FN:161,(anonymous_23)
FNF:24
FNH:5
FNDA:6,(anonymous_0)
FNDA:6,(anonymous_1)
FNDA:6,(anonymous_2)
FNDA:0,(anonymous_3)
FNDA:0,(anonymous_4)
FNDA:0,(anonymous_5)
FNDA:0,(anonymous_6)
FNDA:6,(anonymous_7)
FNDA:0,(anonymous_8)
FNDA:0,(anonymous_9)
FNDA:0,(anonymous_10)
FNDA:0,(anonymous_11)
FNDA:0,(anonymous_12)
FNDA:0,(anonymous_13)
FNDA:0,(anonymous_14)
FNDA:0,(anonymous_15)
FNDA:0,(anonymous_16)
FNDA:0,(anonymous_17)
FNDA:0,(anonymous_18)
FNDA:6,(anonymous_19)
FNDA:0,(anonymous_20)
FNDA:0,(anonymous_21)
FNDA:0,(anonymous_22)
FNDA:0,(anonymous_23)
DA:9,6
DA:10,6
DA:20,6
DA:23,6
DA:24,6
DA:28,0
DA:34,0
DA:37,0
DA:38,0
DA:44,0
DA:48,6
DA:49,6
DA:50,6
DA:51,0
DA:56,0
DA:63,6
DA:66,6
DA:67,0
DA:71,0
DA:76,0
DA:79,0
DA:80,0
DA:85,6
DA:86,0
DA:97,0
DA:102,0
DA:105,0
DA:106,0
DA:111,6
DA:112,0
DA:113,0
DA:114,0
DA:118,0
DA:121,0
DA:122,0
DA:130,6
DA:135,0
DA:142,0
DA:145,0
DA:162,0
LF:40
LH:13
BRDA:54,0,0,0
BRDA:54,0,1,0
BRDA:112,1,0,0
BRDA:112,1,1,0
BRDA:113,2,0,0
BRDA:113,2,1,0
BRF:6
BRH:0
end_of_record
TN:
SF:src\components\QuizView.js
FN:8,(anonymous_0)
FN:22,(anonymous_1)
FN:26,(anonymous_2)
FN:30,(anonymous_3)
FN:37,(anonymous_4)
FN:41,(anonymous_5)
FN:45,(anonymous_6)
FN:64,(anonymous_7)
FN:74,(anonymous_8)
FN:81,(anonymous_9)
FN:90,(anonymous_10)
FN:102,(anonymous_11)
FN:110,(anonymous_12)
FN:116,(anonymous_13)
FN:129,(anonymous_14)
FN:142,(anonymous_15)
FN:150,(anonymous_16)
FN:153,(anonymous_17)
FN:172,(anonymous_18)
FN:195,(anonymous_19)
FNF:20
FNH:4
FNDA:6,(anonymous_0)
FNDA:6,(anonymous_1)
FNDA:0,(anonymous_2)
FNDA:0,(anonymous_3)
FNDA:0,(anonymous_4)
FNDA:0,(anonymous_5)
FNDA:0,(anonymous_6)
FNDA:0,(anonymous_7)
FNDA:0,(anonymous_8)
FNDA:0,(anonymous_9)
FNDA:0,(anonymous_10)
FNDA:6,(anonymous_11)
FNDA:0,(anonymous_12)
FNDA:0,(anonymous_13)
FNDA:0,(anonymous_14)
FNDA:0,(anonymous_15)
FNDA:0,(anonymous_16)
FNDA:0,(anonymous_17)
FNDA:0,(anonymous_18)
FNDA:6,(anonymous_19)
DA:5,2
DA:9,6
DA:10,6
DA:23,6
DA:27,0
DA:28,0
DA:31,0
DA:32,0
DA:37,6
DA:38,0
DA:41,6
DA:42,0
DA:45,6
DA:46,0
DA:47,0
DA:48,0
DA:51,0
DA:65,0
DA:72,0
DA:75,0
DA:76,0
DA:81,6
DA:82,0
DA:83,0
DA:84,0
DA:90,6
DA:91,0
DA:103,6
DA:111,0
DA:117,0
DA:130,0
DA:142,6
DA:143,0
DA:147,0
DA:150,0
DA:154,0
DA:155,0
DA:173,0
DA:196,6
LF:39
LH:12
BRDA:37,0,0,0
BRDA:47,1,0,0
BRDA:47,1,1,0
BRDA:70,2,0,0
BRDA:70,2,1,0
BRDA:85,3,0,0
BRDA:85,3,1,0
BRDA:160,4,0,0
BRDA:160,4,1,0
BRDA:161,5,0,0
BRDA:161,5,1,0
BRDA:173,6,0,0
BRDA:173,6,1,0
BRDA:173,7,0,0
BRDA:173,7,1,0
BRDA:176,8,0,0
BRDA:176,8,1,0
BRDA:196,9,0,0
BRDA:196,9,1,6
BRF:19
BRH:1
end_of_record
TN:
SF:src\components\Search.js
FN:8,(anonymous_0)
FN:13,(anonymous_1)
FN:19,(anonymous_2)
FN:24,(anonymous_3)
FNF:4
FNH:2
FNDA:0,(anonymous_0)
FNDA:0,(anonymous_1)
FNDA:11,(anonymous_2)
FNDA:22,(anonymous_3)
DA:4,11
DA:8,11
DA:9,0
DA:10,0
DA:13,11
DA:14,0
DA:20,11
DA:24,22
LF:8
LH:5
BRF:0
BRH:0
end_of_record
